<?xml version="1.0" encoding="UTF-8"?>
<?xml-stylesheet type="text/xsl" href="ivy-report.xsl"?>
<ivy-report version="1.0">
	<info
		organisation="wishlist-backend"
		module="wishlist-backend_2.10"
		revision="0.1"
		conf="test-internal"
		confs="compile, runtime, test, provided, optional, compile-internal, runtime-internal, test-internal, plugin, sources, docs, pom"
		date="20140322230400"/>
	<dependencies>
		<module organisation="io.argonaut" name="argonaut_2.10">
			<revision name="6.0.3" status="release" pubdate="20140308100150" resolver="public" artresolver="public" homepage="http://argonaut.io" downloaded="false" searched="false" default="false" conf="default(compile), default, compile, runtime, master" position="16">
				<license name="BSD-3-Clause" url="http://www.opensource.org/licenses/BSD-3-Clause"/>
				<metadata-artifact status="no" details="" size="2883" time="0" location="/Users/hrv/.ivy2/cache/io.argonaut/argonaut_2.10/ivy-6.0.3.xml" searched="false" origin-is-local="false" origin-location="http://repo1.maven.org/maven2/io/argonaut/argonaut_2.10/6.0.3/argonaut_2.10-6.0.3.pom"/>
				<caller organisation="wishlist-backend" name="wishlist-backend_2.10" conf="test-internal, test, optional, compile, provided, runtime" rev="6.0.3" rev-constraint-default="6.0.3" rev-constraint-dynamic="6.0.3" callerrev="0.1"/>
				<artifacts>
					<artifact name="argonaut_2.10" type="jar" ext="jar" status="no" details="" size="2081196" time="0" location="/Users/hrv/.ivy2/cache/io.argonaut/argonaut_2.10/jars/argonaut_2.10-6.0.3.jar">
						<origin-location is-local="false" location="http://repo1.maven.org/maven2/io/argonaut/argonaut_2.10/6.0.3/argonaut_2.10-6.0.3.jar"/>
					</artifact>
				</artifacts>
			</revision>
		</module>
		<module organisation="org.scalaz" name="scalaz-core_2.10">
			<revision name="7.0.6" status="release" pubdate="20140305072313" resolver="public" artresolver="public" homepage="http://scalaz.org" downloaded="false" searched="false" default="false" conf="compile, master(*), runtime, compile(*), runtime(*), master" position="17">
				<license name="BSD-style" url="http://www.opensource.org/licenses/bsd-license.php"/>
				<metadata-artifact status="no" details="" size="2514" time="0" location="/Users/hrv/.ivy2/cache/org.scalaz/scalaz-core_2.10/ivy-7.0.6.xml" searched="false" origin-is-local="false" origin-location="http://repo1.maven.org/maven2/org/scalaz/scalaz-core_2.10/7.0.6/scalaz-core_2.10-7.0.6.pom"/>
				<caller organisation="io.argonaut" name="argonaut_2.10" conf="default, compile, runtime, master" rev="7.0.6" rev-constraint-default="7.0.6" rev-constraint-dynamic="7.0.6" callerrev="6.0.3"/>
				<artifacts>
					<artifact name="scalaz-core_2.10" type="bundle" ext="jar" status="no" details="" size="9223035" time="0" location="/Users/hrv/.ivy2/cache/org.scalaz/scalaz-core_2.10/bundles/scalaz-core_2.10-7.0.6.jar">
						<origin-location is-local="false" location="http://repo1.maven.org/maven2/org/scalaz/scalaz-core_2.10/7.0.6/scalaz-core_2.10-7.0.6.jar"/>
					</artifact>
				</artifacts>
			</revision>
		</module>
		<module organisation="net.databinder" name="unfiltered-jetty_2.10">
			<revision name="0.7.1" status="release" pubdate="20131112051209" resolver="sbt-chain" artresolver="sbt-chain" homepage="http://unfiltered.databinder.net/" downloaded="false" searched="false" default="false" conf="default(compile), default, compile, runtime, master" position="5">
				<license name="MIT" url="http://www.opensource.org/licenses/MIT"/>
				<metadata-artifact status="no" details="" size="2700" time="0" location="/Users/hrv/.ivy2/cache/net.databinder/unfiltered-jetty_2.10/ivy-0.7.1.xml" searched="false" origin-is-local="false" origin-location="http://repo1.maven.org/maven2/net/databinder/unfiltered-jetty_2.10/0.7.1/unfiltered-jetty_2.10-0.7.1.pom"/>
				<caller organisation="wishlist-backend" name="wishlist-backend_2.10" conf="test-internal, test, optional, compile, provided, runtime" rev="0.7.1" rev-constraint-default="0.7.1" rev-constraint-dynamic="0.7.1" callerrev="0.1"/>
				<artifacts>
					<artifact name="unfiltered-jetty_2.10" type="jar" ext="jar" status="no" details="" size="24192" time="0" location="/Users/hrv/.ivy2/cache/net.databinder/unfiltered-jetty_2.10/jars/unfiltered-jetty_2.10-0.7.1.jar">
						<origin-location is-local="false" location="http://repo1.maven.org/maven2/net/databinder/unfiltered-jetty_2.10/0.7.1/unfiltered-jetty_2.10-0.7.1.jar"/>
					</artifact>
				</artifacts>
			</revision>
		</module>
		<module organisation="org.eclipse.jetty" name="jetty-webapp">
			<revision name="8.1.13.v20130916" status="release" pubdate="20130916213939" resolver="sbt-chain" artresolver="sbt-chain" homepage="http://www.eclipse.org/jetty" downloaded="false" searched="false" default="false" conf="compile, master(*), runtime, compile(*), runtime(*), master" position="6">
				<metadata-artifact status="no" details="" size="8894" time="0" location="/Users/hrv/.ivy2/cache/org.eclipse.jetty/jetty-webapp/ivy-8.1.13.v20130916.xml" searched="false" origin-is-local="false" origin-location="http://repo1.maven.org/maven2/org/eclipse/jetty/jetty-webapp/8.1.13.v20130916/jetty-webapp-8.1.13.v20130916.pom"/>
				<caller organisation="net.databinder" name="unfiltered-jetty_2.10" conf="default, compile, runtime, master" rev="8.1.13.v20130916" rev-constraint-default="8.1.13.v20130916" rev-constraint-dynamic="8.1.13.v20130916" callerrev="0.7.1"/>
				<artifacts>
					<artifact name="jetty-webapp" type="jar" ext="jar" status="no" details="" size="110097" time="0" location="/Users/hrv/.ivy2/cache/org.eclipse.jetty/jetty-webapp/jars/jetty-webapp-8.1.13.v20130916.jar">
						<origin-location is-local="false" location="http://repo1.maven.org/maven2/org/eclipse/jetty/jetty-webapp/8.1.13.v20130916/jetty-webapp-8.1.13.v20130916.jar"/>
					</artifact>
				</artifacts>
			</revision>
		</module>
		<module organisation="org.eclipse.jetty" name="jetty-servlet">
			<revision name="8.1.13.v20130916" status="release" pubdate="20130916213521" resolver="sbt-chain" artresolver="sbt-chain" homepage="http://www.eclipse.org/jetty" downloaded="false" searched="false" default="false" conf="compile, master(*), runtime, compile(*), runtime(*), master" position="9">
				<metadata-artifact status="no" details="" size="8721" time="0" location="/Users/hrv/.ivy2/cache/org.eclipse.jetty/jetty-servlet/ivy-8.1.13.v20130916.xml" searched="false" origin-is-local="false" origin-location="http://repo1.maven.org/maven2/org/eclipse/jetty/jetty-servlet/8.1.13.v20130916/jetty-servlet-8.1.13.v20130916.pom"/>
				<caller organisation="org.eclipse.jetty" name="jetty-webapp" conf="compile, runtime" rev="8.1.13.v20130916" rev-constraint-default="8.1.13.v20130916" rev-constraint-dynamic="8.1.13.v20130916" callerrev="8.1.13.v20130916"/>
				<artifacts>
					<artifact name="jetty-servlet" type="jar" ext="jar" status="no" details="" size="102565" time="0" location="/Users/hrv/.ivy2/cache/org.eclipse.jetty/jetty-servlet/jars/jetty-servlet-8.1.13.v20130916.jar">
						<origin-location is-local="false" location="http://repo1.maven.org/maven2/org/eclipse/jetty/jetty-servlet/8.1.13.v20130916/jetty-servlet-8.1.13.v20130916.jar"/>
					</artifact>
				</artifacts>
			</revision>
		</module>
		<module organisation="org.eclipse.jetty" name="jetty-security">
			<revision name="8.1.13.v20130916" status="release" pubdate="20130916213454" resolver="sbt-chain" artresolver="sbt-chain" homepage="http://www.eclipse.org/jetty" downloaded="false" searched="false" default="false" conf="compile, master(*), runtime, compile(*), runtime(*), master" position="10">
				<metadata-artifact status="no" details="" size="8618" time="0" location="/Users/hrv/.ivy2/cache/org.eclipse.jetty/jetty-security/ivy-8.1.13.v20130916.xml" searched="false" origin-is-local="false" origin-location="http://repo1.maven.org/maven2/org/eclipse/jetty/jetty-security/8.1.13.v20130916/jetty-security-8.1.13.v20130916.pom"/>
				<caller organisation="org.eclipse.jetty" name="jetty-servlet" conf="compile, runtime" rev="8.1.13.v20130916" rev-constraint-default="8.1.13.v20130916" rev-constraint-dynamic="8.1.13.v20130916" callerrev="8.1.13.v20130916"/>
				<artifacts>
					<artifact name="jetty-security" type="jar" ext="jar" status="no" details="" size="89924" time="0" location="/Users/hrv/.ivy2/cache/org.eclipse.jetty/jetty-security/jars/jetty-security-8.1.13.v20130916.jar">
						<origin-location is-local="false" location="http://repo1.maven.org/maven2/org/eclipse/jetty/jetty-security/8.1.13.v20130916/jetty-security-8.1.13.v20130916.jar"/>
					</artifact>
				</artifacts>
			</revision>
		</module>
		<module organisation="org.eclipse.jetty" name="jetty-server">
			<revision name="8.1.13.v20130916" status="release" pubdate="20130916213414" resolver="sbt-chain" artresolver="sbt-chain" homepage="http://www.eclipse.org/jetty" downloaded="false" searched="false" default="false" conf="compile, master(*), runtime, compile(*), runtime(*), master" position="11">
				<metadata-artifact status="no" details="" size="9211" time="0" location="/Users/hrv/.ivy2/cache/org.eclipse.jetty/jetty-server/ivy-8.1.13.v20130916.xml" searched="false" origin-is-local="false" origin-location="http://repo1.maven.org/maven2/org/eclipse/jetty/jetty-server/8.1.13.v20130916/jetty-server-8.1.13.v20130916.pom"/>
				<caller organisation="org.eclipse.jetty" name="jetty-security" conf="compile, runtime" rev="8.1.13.v20130916" rev-constraint-default="8.1.13.v20130916" rev-constraint-dynamic="8.1.13.v20130916" callerrev="8.1.13.v20130916"/>
				<artifacts>
					<artifact name="jetty-server" type="jar" ext="jar" status="no" details="" size="354768" time="0" location="/Users/hrv/.ivy2/cache/org.eclipse.jetty/jetty-server/jars/jetty-server-8.1.13.v20130916.jar">
						<origin-location is-local="false" location="http://repo1.maven.org/maven2/org/eclipse/jetty/jetty-server/8.1.13.v20130916/jetty-server-8.1.13.v20130916.jar"/>
					</artifact>
				</artifacts>
			</revision>
		</module>
		<module organisation="org.eclipse.jetty" name="jetty-http">
			<revision name="8.1.13.v20130916" status="release" pubdate="20130916213020" resolver="sbt-chain" artresolver="sbt-chain" homepage="http://www.eclipse.org/jetty" downloaded="false" searched="false" default="false" conf="compile, master(*), runtime, compile(*), runtime(*), master" position="14">
				<metadata-artifact status="no" details="" size="8668" time="0" location="/Users/hrv/.ivy2/cache/org.eclipse.jetty/jetty-http/ivy-8.1.13.v20130916.xml" searched="false" origin-is-local="false" origin-location="http://repo1.maven.org/maven2/org/eclipse/jetty/jetty-http/8.1.13.v20130916/jetty-http-8.1.13.v20130916.pom"/>
				<caller organisation="org.eclipse.jetty" name="jetty-server" conf="compile, runtime" rev="8.1.13.v20130916" rev-constraint-default="8.1.13.v20130916" rev-constraint-dynamic="8.1.13.v20130916" callerrev="8.1.13.v20130916"/>
				<artifacts>
					<artifact name="jetty-http" type="jar" ext="jar" status="no" details="" size="96125" time="0" location="/Users/hrv/.ivy2/cache/org.eclipse.jetty/jetty-http/jars/jetty-http-8.1.13.v20130916.jar">
						<origin-location is-local="false" location="http://repo1.maven.org/maven2/org/eclipse/jetty/jetty-http/8.1.13.v20130916/jetty-http-8.1.13.v20130916.jar"/>
					</artifact>
				</artifacts>
			</revision>
		</module>
		<module organisation="org.eclipse.jetty" name="jetty-io">
			<revision name="8.1.13.v20130916" status="release" pubdate="20130916213004" resolver="sbt-chain" artresolver="sbt-chain" homepage="http://www.eclipse.org/jetty" downloaded="false" searched="false" default="false" conf="compile, master(*), runtime, compile(*), runtime(*), master" position="15">
				<metadata-artifact status="no" details="" size="8530" time="0" location="/Users/hrv/.ivy2/cache/org.eclipse.jetty/jetty-io/ivy-8.1.13.v20130916.xml" searched="false" origin-is-local="false" origin-location="http://repo1.maven.org/maven2/org/eclipse/jetty/jetty-io/8.1.13.v20130916/jetty-io-8.1.13.v20130916.pom"/>
				<caller organisation="org.eclipse.jetty" name="jetty-http" conf="compile, runtime" rev="8.1.13.v20130916" rev-constraint-default="8.1.13.v20130916" rev-constraint-dynamic="8.1.13.v20130916" callerrev="8.1.13.v20130916"/>
				<artifacts>
					<artifact name="jetty-io" type="jar" ext="jar" status="no" details="" size="104234" time="0" location="/Users/hrv/.ivy2/cache/org.eclipse.jetty/jetty-io/jars/jetty-io-8.1.13.v20130916.jar">
						<origin-location is-local="false" location="http://repo1.maven.org/maven2/org/eclipse/jetty/jetty-io/8.1.13.v20130916/jetty-io-8.1.13.v20130916.jar"/>
					</artifact>
				</artifacts>
			</revision>
		</module>
		<module organisation="org.eclipse.jetty" name="jetty-continuation">
			<revision name="8.1.13.v20130916" status="release" pubdate="20130916213033" resolver="sbt-chain" artresolver="sbt-chain" homepage="http://www.eclipse.org/jetty" downloaded="false" searched="false" default="false" conf="compile, master(*), runtime, compile(*), runtime(*), master" position="13">
				<metadata-artifact status="no" details="" size="8623" time="0" location="/Users/hrv/.ivy2/cache/org.eclipse.jetty/jetty-continuation/ivy-8.1.13.v20130916.xml" searched="false" origin-is-local="false" origin-location="http://repo1.maven.org/maven2/org/eclipse/jetty/jetty-continuation/8.1.13.v20130916/jetty-continuation-8.1.13.v20130916.pom"/>
				<caller organisation="org.eclipse.jetty" name="jetty-server" conf="compile, runtime" rev="8.1.13.v20130916" rev-constraint-default="8.1.13.v20130916" rev-constraint-dynamic="8.1.13.v20130916" callerrev="8.1.13.v20130916"/>
				<artifacts>
					<artifact name="jetty-continuation" type="jar" ext="jar" status="no" details="" size="21160" time="0" location="/Users/hrv/.ivy2/cache/org.eclipse.jetty/jetty-continuation/jars/jetty-continuation-8.1.13.v20130916.jar">
						<origin-location is-local="false" location="http://repo1.maven.org/maven2/org/eclipse/jetty/jetty-continuation/8.1.13.v20130916/jetty-continuation-8.1.13.v20130916.jar"/>
					</artifact>
				</artifacts>
			</revision>
		</module>
		<module organisation="org.eclipse.jetty" name="jetty-xml">
			<revision name="8.1.13.v20130916" status="release" pubdate="20130916213917" resolver="sbt-chain" artresolver="sbt-chain" homepage="http://www.eclipse.org/jetty" downloaded="false" searched="false" default="false" conf="compile, master(*), runtime, compile(*), runtime(*), master" position="7">
				<metadata-artifact status="no" details="" size="8542" time="0" location="/Users/hrv/.ivy2/cache/org.eclipse.jetty/jetty-xml/ivy-8.1.13.v20130916.xml" searched="false" origin-is-local="false" origin-location="http://repo1.maven.org/maven2/org/eclipse/jetty/jetty-xml/8.1.13.v20130916/jetty-xml-8.1.13.v20130916.pom"/>
				<caller organisation="org.eclipse.jetty" name="jetty-webapp" conf="compile, runtime" rev="8.1.13.v20130916" rev-constraint-default="8.1.13.v20130916" rev-constraint-dynamic="8.1.13.v20130916" callerrev="8.1.13.v20130916"/>
				<artifacts>
					<artifact name="jetty-xml" type="jar" ext="jar" status="no" details="" size="39067" time="0" location="/Users/hrv/.ivy2/cache/org.eclipse.jetty/jetty-xml/jars/jetty-xml-8.1.13.v20130916.jar">
						<origin-location is-local="false" location="http://repo1.maven.org/maven2/org/eclipse/jetty/jetty-xml/8.1.13.v20130916/jetty-xml-8.1.13.v20130916.jar"/>
					</artifact>
				</artifacts>
			</revision>
		</module>
		<module organisation="org.eclipse.jetty" name="jetty-util">
			<revision name="8.1.13.v20130916" status="release" pubdate="20130916212909" resolver="sbt-chain" artresolver="sbt-chain" homepage="http://www.eclipse.org/jetty" downloaded="false" searched="false" default="false" conf="compile, master(*), runtime, compile(*), runtime(*), master" position="8">
				<metadata-artifact status="no" details="" size="8894" time="0" location="/Users/hrv/.ivy2/cache/org.eclipse.jetty/jetty-util/ivy-8.1.13.v20130916.xml" searched="false" origin-is-local="false" origin-location="http://repo1.maven.org/maven2/org/eclipse/jetty/jetty-util/8.1.13.v20130916/jetty-util-8.1.13.v20130916.pom"/>
				<caller organisation="org.eclipse.jetty" name="jetty-io" conf="compile, runtime" rev="8.1.13.v20130916" rev-constraint-default="8.1.13.v20130916" rev-constraint-dynamic="8.1.13.v20130916" callerrev="8.1.13.v20130916"/>
				<caller organisation="org.eclipse.jetty" name="jetty-xml" conf="compile, runtime" rev="8.1.13.v20130916" rev-constraint-default="8.1.13.v20130916" rev-constraint-dynamic="8.1.13.v20130916" callerrev="8.1.13.v20130916"/>
				<artifacts>
					<artifact name="jetty-util" type="jar" ext="jar" status="no" details="" size="287683" time="0" location="/Users/hrv/.ivy2/cache/org.eclipse.jetty/jetty-util/jars/jetty-util-8.1.13.v20130916.jar">
						<origin-location is-local="false" location="http://repo1.maven.org/maven2/org/eclipse/jetty/jetty-util/8.1.13.v20130916/jetty-util-8.1.13.v20130916.jar"/>
					</artifact>
				</artifacts>
			</revision>
		</module>
		<module organisation="org.eclipse.jetty.orbit" name="javax.servlet">
			<revision name="3.0.0.v201112011016" status="release" pubdate="20111207204915" resolver="sbt-chain" artresolver="sbt-chain" homepage="" downloaded="false" searched="false" default="false" conf="compile, master(*), runtime, compile(*), runtime(*), master" position="12">
				<metadata-artifact status="no" details="" size="3070" time="0" location="/Users/hrv/.ivy2/cache/org.eclipse.jetty.orbit/javax.servlet/ivy-3.0.0.v201112011016.xml" searched="false" origin-is-local="false" origin-location="http://repo1.maven.org/maven2/org/eclipse/jetty/orbit/javax.servlet/3.0.0.v201112011016/javax.servlet-3.0.0.v201112011016.pom"/>
				<caller organisation="org.eclipse.jetty" name="jetty-server" conf="compile, runtime" rev="3.0.0.v201112011016" rev-constraint-default="3.0.0.v201112011016" rev-constraint-dynamic="3.0.0.v201112011016" callerrev="8.1.13.v20130916"/>
				<artifacts>
					<artifact name="javax.servlet" type="orbit" ext="jar" status="no" details="" size="200387" time="0" location="/Users/hrv/.ivy2/cache/org.eclipse.jetty.orbit/javax.servlet/orbits/javax.servlet-3.0.0.v201112011016.jar">
						<origin-location is-local="false" location="http://repo1.maven.org/maven2/org/eclipse/jetty/orbit/javax.servlet/3.0.0.v201112011016/javax.servlet-3.0.0.v201112011016.jar"/>
					</artifact>
				</artifacts>
			</revision>
		</module>
		<module organisation="net.databinder" name="unfiltered-filter_2.10">
			<revision name="0.7.1" status="release" pubdate="20131112051318" resolver="sbt-chain" artresolver="sbt-chain" homepage="http://unfiltered.databinder.net/" downloaded="false" searched="false" default="false" conf="default(compile), default, compile, runtime, master" position="1">
				<license name="MIT" url="http://www.opensource.org/licenses/MIT"/>
				<metadata-artifact status="no" details="" size="2834" time="0" location="/Users/hrv/.ivy2/cache/net.databinder/unfiltered-filter_2.10/ivy-0.7.1.xml" searched="false" origin-is-local="false" origin-location="http://repo1.maven.org/maven2/net/databinder/unfiltered-filter_2.10/0.7.1/unfiltered-filter_2.10-0.7.1.pom"/>
				<caller organisation="wishlist-backend" name="wishlist-backend_2.10" conf="test-internal, test, optional, compile, provided, runtime" rev="0.7.1" rev-constraint-default="0.7.1" rev-constraint-dynamic="0.7.1" callerrev="0.1"/>
				<artifacts>
					<artifact name="unfiltered-filter_2.10" type="jar" ext="jar" status="no" details="" size="22594" time="0" location="/Users/hrv/.ivy2/cache/net.databinder/unfiltered-filter_2.10/jars/unfiltered-filter_2.10-0.7.1.jar">
						<origin-location is-local="false" location="http://repo1.maven.org/maven2/net/databinder/unfiltered-filter_2.10/0.7.1/unfiltered-filter_2.10-0.7.1.jar"/>
					</artifact>
				</artifacts>
			</revision>
		</module>
		<module organisation="net.databinder" name="unfiltered_2.10">
			<revision name="0.7.1" status="release" pubdate="20131112051321" resolver="sbt-chain" artresolver="sbt-chain" homepage="http://unfiltered.databinder.net/" downloaded="false" searched="false" default="false" conf="compile, master(*), runtime, compile(*), runtime(*), master" position="2">
				<license name="MIT" url="http://www.opensource.org/licenses/MIT"/>
				<metadata-artifact status="no" details="" size="2957" time="0" location="/Users/hrv/.ivy2/cache/net.databinder/unfiltered_2.10/ivy-0.7.1.xml" searched="false" origin-is-local="false" origin-location="http://repo1.maven.org/maven2/net/databinder/unfiltered_2.10/0.7.1/unfiltered_2.10-0.7.1.pom"/>
				<caller organisation="net.databinder" name="unfiltered-filter_2.10" conf="default, compile, runtime, master" rev="0.7.1" rev-constraint-default="0.7.1" rev-constraint-dynamic="0.7.1" callerrev="0.7.1"/>
				<artifacts>
					<artifact name="unfiltered_2.10" type="jar" ext="jar" status="no" details="" size="546281" time="0" location="/Users/hrv/.ivy2/cache/net.databinder/unfiltered_2.10/jars/unfiltered_2.10-0.7.1.jar">
						<origin-location is-local="false" location="http://repo1.maven.org/maven2/net/databinder/unfiltered_2.10/0.7.1/unfiltered_2.10-0.7.1.jar"/>
					</artifact>
				</artifacts>
			</revision>
		</module>
		<module organisation="commons-codec" name="commons-codec">
			<revision name="1.4" status="release" pubdate="20130205164214" resolver="sbt-chain" artresolver="sbt-chain" homepage="http://commons.apache.org/codec/" downloaded="false" searched="false" default="false" conf="compile, master(*), runtime, compile(*), runtime(*), master" position="4">
				<metadata-artifact status="no" details="" size="4984" time="0" location="/Users/hrv/.ivy2/cache/commons-codec/commons-codec/ivy-1.4.xml" searched="false" origin-is-local="false" origin-location="http://repo.typesafe.com/typesafe/releases/commons-codec/commons-codec/1.4/commons-codec-1.4.pom"/>
				<caller organisation="net.databinder" name="unfiltered_2.10" conf="compile, runtime" rev="1.4" rev-constraint-default="1.4" rev-constraint-dynamic="1.4" callerrev="0.7.1"/>
				<artifacts>
					<artifact name="commons-codec" type="jar" ext="jar" status="no" details="" size="58160" time="0" location="/Users/hrv/.ivy2/cache/commons-codec/commons-codec/jars/commons-codec-1.4.jar">
						<origin-location is-local="false" location="http://repo.typesafe.com/typesafe/releases/commons-codec/commons-codec/1.4/commons-codec-1.4.jar"/>
					</artifact>
				</artifacts>
			</revision>
		</module>
		<module organisation="net.databinder" name="unfiltered-util_2.10">
			<revision name="0.7.1" status="release" pubdate="20131112051201" resolver="sbt-chain" artresolver="sbt-chain" homepage="http://unfiltered.databinder.net/" downloaded="false" searched="false" default="false" conf="compile, master(*), runtime, compile(*), runtime(*), master" position="3">
				<license name="MIT" url="http://www.opensource.org/licenses/MIT"/>
				<metadata-artifact status="no" details="" size="2525" time="0" location="/Users/hrv/.ivy2/cache/net.databinder/unfiltered-util_2.10/ivy-0.7.1.xml" searched="false" origin-is-local="false" origin-location="http://repo1.maven.org/maven2/net/databinder/unfiltered-util_2.10/0.7.1/unfiltered-util_2.10-0.7.1.pom"/>
				<caller organisation="net.databinder" name="unfiltered_2.10" conf="compile, runtime" rev="0.7.1" rev-constraint-default="0.7.1" rev-constraint-dynamic="0.7.1" callerrev="0.7.1"/>
				<caller organisation="net.databinder" name="unfiltered-jetty_2.10" conf="default, compile, runtime, master" rev="0.7.1" rev-constraint-default="0.7.1" rev-constraint-dynamic="0.7.1" callerrev="0.7.1"/>
				<artifacts>
					<artifact name="unfiltered-util_2.10" type="jar" ext="jar" status="no" details="" size="29825" time="0" location="/Users/hrv/.ivy2/cache/net.databinder/unfiltered-util_2.10/jars/unfiltered-util_2.10-0.7.1.jar">
						<origin-location is-local="false" location="http://repo1.maven.org/maven2/net/databinder/unfiltered-util_2.10/0.7.1/unfiltered-util_2.10-0.7.1.jar"/>
					</artifact>
				</artifacts>
			</revision>
		</module>
		<module organisation="org.scala-lang" name="scala-library">
			<revision name="2.10.3" status="release" pubdate="20130927114454" resolver="sbt-chain" artresolver="sbt-chain" homepage="http://www.scala-lang.org/" extra-info.apiURL="http://www.scala-lang.org/api/2.10.3/" downloaded="false" searched="false" default="false" conf="default(compile), default, compile, master(*), compile(*), runtime, runtime(*), master" position="0">
				<license name="BSD-like" url="http://www.scala-lang.org/downloads/license.html          "/>
				<metadata-artifact status="no" details="" size="2585" time="0" location="/Users/hrv/.ivy2/cache/org.scala-lang/scala-library/ivy-2.10.3.xml" searched="false" origin-is-local="false" origin-location="http://repo1.maven.org/maven2/org/scala-lang/scala-library/2.10.3/scala-library-2.10.3.pom"/>
				<caller organisation="io.argonaut" name="argonaut_2.10" conf="default, compile, runtime, master" rev="2.10.3" rev-constraint-default="2.10.3" rev-constraint-dynamic="2.10.3" callerrev="6.0.3"/>
				<caller organisation="net.databinder" name="unfiltered-util_2.10" conf="compile, runtime" rev="2.10.3" rev-constraint-default="2.10.3" rev-constraint-dynamic="2.10.3" callerrev="0.7.1"/>
				<caller organisation="net.databinder" name="unfiltered_2.10" conf="compile, runtime" rev="2.10.3" rev-constraint-default="2.10.3" rev-constraint-dynamic="2.10.3" callerrev="0.7.1"/>
				<caller organisation="org.scalaz" name="scalaz-core_2.10" conf="compile, runtime" rev="2.10.3" rev-constraint-default="2.10.3" rev-constraint-dynamic="2.10.1" callerrev="7.0.6"/>
				<caller organisation="wishlist-backend" name="wishlist-backend_2.10" conf="test-internal, test, optional, compile, provided, runtime" rev="2.10.3" rev-constraint-default="2.10.3" rev-constraint-dynamic="2.10.3" callerrev="0.1"/>
				<caller organisation="net.databinder" name="unfiltered-filter_2.10" conf="default, compile, runtime, master" rev="2.10.3" rev-constraint-default="2.10.3" rev-constraint-dynamic="2.10.3" callerrev="0.7.1"/>
				<artifacts>
				</artifacts>
			</revision>
		</module>
	</dependencies>
</ivy-report>
